<?xml version="1.0" encoding="UTF-8"?>
<!-- Generated by org.testng.reporters.JUnitXMLReporter -->
<testsuite ignored="13" hostname="LAPTOP-H2F0LVSP" failures="1" tests="1" name="Default test(failed)" time="37.606" errors="0" timestamp="2023-06-16T11:57:12 EDT">
  <testcase classname="com.automation.tests.AutomationScript" name="getAllOperationOfAccountTabs" time="35.682">
    <failure type="org.openqa.selenium.NoSuchElementException" message="Cannot locate element with text: AccountName
For documentation on this error, please visit: https://www.seleniumhq.org/exceptions/no_such_element.html
Build info: version: &amp;apos;3.141.59&amp;apos;, revision: &amp;apos;e82be7d358&amp;apos;, time: &amp;apos;2018-11-14T08:17:03&amp;apos;
System info: host: &amp;apos;LAPTOP-H2F0LVSP&amp;apos;, ip: &amp;apos;192.168.1.71&amp;apos;, os.name: &amp;apos;Windows 11&amp;apos;, os.arch: &amp;apos;amd64&amp;apos;, os.version: &amp;apos;10.0&amp;apos;, java.version: &amp;apos;18.0.1.1&amp;apos;
Driver info: driver.version: unknown">
      <![CDATA[org.openqa.selenium.NoSuchElementException: Cannot locate element with text: AccountName
For documentation on this error, please visit: https://www.seleniumhq.org/exceptions/no_such_element.html
Build info: version: '3.141.59', revision: 'e82be7d358', time: '2018-11-14T08:17:03'
System info: host: 'LAPTOP-H2F0LVSP', ip: '192.168.1.71', os.name: 'Windows 11', os.arch: 'amd64', os.version: '10.0', java.version: '18.0.1.1'
Driver info: driver.version: unknown
at org.openqa.selenium.support.ui.Select.selectByVisibleText(Select.java:147)
at com.automation.pages.base.BasePage.selectByVisibleTextOfElement(BasePage.java:460)
at com.automation.pages.base.AccountPage.selectAccountNameFromField(AccountPage.java:79)
at com.automation.tests.AutomationScript.getAllOperationOfAccountTabs(AutomationScript.java:448)
at java.base/java.util.ArrayList.forEach(ArrayList.java:1511)
... Removed 25 stack frames]]>
    </failure>
  </testcase> <!-- getAllOperationOfAccountTabs -->
  <testcase classname="com.automation.tests.AutomationScript" name="getAllOperationOfLeadTab" time="0.0">
    <ignored/>
  </testcase> <!-- getAllOperationOfLeadTab -->
  <testcase classname="com.automation.tests.AutomationScript" name="UserMenuDropDisplay" time="0.0">
    <ignored/>
  </testcase> <!-- UserMenuDropDisplay -->
  <testcase classname="com.automation.tests.AutomationScript" name="login_to_Salesforce_Application" time="0.0">
    <ignored/>
  </testcase> <!-- login_to_Salesforce_Application -->
  <testcase classname="com.automation.tests.AutomationScript" name="selectDeveloperConsole" time="0.0">
    <ignored/>
  </testcase> <!-- selectDeveloperConsole -->
  <testcase classname="com.automation.tests.AutomationScript" name="selectMyProfileOption" time="0.0">
    <ignored/>
  </testcase> <!-- selectMyProfileOption -->
  <testcase classname="com.automation.tests.AutomationScript" name="Check_Remember_Me" time="0.0">
    <ignored/>
  </testcase> <!-- Check_Remember_Me -->
  <testcase classname="com.automation.tests.AutomationScript" name="configureOFMyTabs" time="0.0">
    <ignored/>
  </testcase> <!-- configureOFMyTabs -->
  <testcase classname="com.automation.tests.AutomationScript" name="forgot_Password_4A" time="0.0">
    <ignored/>
  </testcase> <!-- forgot_Password_4A -->
  <testcase classname="com.automation.tests.AutomationScript" name="Login_Error_Message" time="0.0">
    <ignored/>
  </testcase> <!-- Login_Error_Message -->
  <testcase classname="com.automation.tests.AutomationScript" name="getAllOperationOFMySetting" time="0.0">
    <ignored/>
  </testcase> <!-- getAllOperationOFMySetting -->
  <testcase classname="com.automation.tests.AutomationScript" name="LogoutOfTheProfile" time="0.0">
    <ignored/>
  </testcase> <!-- LogoutOfTheProfile -->
  <testcase classname="com.automation.tests.AutomationScript" name="EmailSetting" time="0.0">
    <ignored/>
  </testcase> <!-- EmailSetting -->
  <testcase classname="com.automation.tests.AutomationScript" name="forgot_Password_4B" time="0.0">
    <ignored/>
  </testcase> <!-- forgot_Password_4B -->
</testsuite> <!-- Default test(failed) -->
