<?xml version="1.0" encoding="UTF-8"?>
<!-- Generated by org.testng.reporters.JUnitXMLReporter -->
<testsuite ignored="39" hostname="LAPTOP-H2F0LVSP" failures="1" tests="1" name="Default test" time="55.117" errors="0" timestamp="2023-06-21T22:32:31 EDT">
  <testcase classname="com.automation.tests.AutomationScript" name="blockingAnEventInCal" time="52.901">
    <failure type="org.openqa.selenium.NoSuchWindowException" message="no such window: target window already closed
from unknown error: web view not found
  (Session info: chrome=114.0.5735.134)
Build info: version: &amp;apos;3.141.59&amp;apos;, revision: &amp;apos;e82be7d358&amp;apos;, time: &amp;apos;2018-11-14T08:17:03&amp;apos;
System info: host: &amp;apos;LAPTOP-H2F0LVSP&amp;apos;, ip: &amp;apos;192.168.1.71&amp;apos;, os.name: &amp;apos;Windows 11&amp;apos;, os.arch: &amp;apos;amd64&amp;apos;, os.version: &amp;apos;10.0&amp;apos;, java.version: &amp;apos;18.0.1.1&amp;apos;
Driver info: org.openqa.selenium.chrome.ChromeDriver
Capabilities {acceptInsecureCerts: false, browserName: chrome, browserVersion: 114.0.5735.134, chrome: {chromedriverVersion: 114.0.5735.90 (386bc09e8f4f..., userDataDir: C:\Users\knand\AppData\Loca...}, goog:chromeOptions: {debuggerAddress: localhost:63258}, javascriptEnabled: true, networkConnectionEnabled: false, pageLoadStrategy: normal, platform: WINDOWS, platformName: WINDOWS, proxy: Proxy(), setWindowRect: true, strictFileInteractability: false, timeouts: {implicit: 0, pageLoad: 300000, script: 30000}, unhandledPromptBehavior: dismiss and notify, webauthn:extension:credBlob: true, webauthn:extension:largeBlob: true, webauthn:extension:minPinLength: true, webauthn:extension:prf: true, webauthn:virtualAuthenticators: true}
Session ID: 6d43a9f73822d84a34b94a45a09b4814
*** Element info: {Using=xpath, value=//input[@id=&amp;apos;IsRecurrence&amp;apos;]}">
      <![CDATA[org.openqa.selenium.NoSuchWindowException: no such window: target window already closed
from unknown error: web view not found
  (Session info: chrome=114.0.5735.134)
Build info: version: '3.141.59', revision: 'e82be7d358', time: '2018-11-14T08:17:03'
System info: host: 'LAPTOP-H2F0LVSP', ip: '192.168.1.71', os.name: 'Windows 11', os.arch: 'amd64', os.version: '10.0', java.version: '18.0.1.1'
Driver info: org.openqa.selenium.chrome.ChromeDriver
Capabilities {acceptInsecureCerts: false, browserName: chrome, browserVersion: 114.0.5735.134, chrome: {chromedriverVersion: 114.0.5735.90 (386bc09e8f4f..., userDataDir: C:\Users\knand\AppData\Loca...}, goog:chromeOptions: {debuggerAddress: localhost:63258}, javascriptEnabled: true, networkConnectionEnabled: false, pageLoadStrategy: normal, platform: WINDOWS, platformName: WINDOWS, proxy: Proxy(), setWindowRect: true, strictFileInteractability: false, timeouts: {implicit: 0, pageLoad: 300000, script: 30000}, unhandledPromptBehavior: dismiss and notify, webauthn:extension:credBlob: true, webauthn:extension:largeBlob: true, webauthn:extension:minPinLength: true, webauthn:extension:prf: true, webauthn:virtualAuthenticators: true}
Session ID: 6d43a9f73822d84a34b94a45a09b4814
*** Element info: {Using=xpath, value=//input[@id='IsRecurrence']}
at java.base/jdk.internal.reflect.DirectConstructorHandleAccessor.newInstance(DirectConstructorHandleAccessor.java:67)
at java.base/java.lang.reflect.Constructor.newInstanceWithCaller(Constructor.java:499)
at java.base/java.lang.reflect.Constructor.newInstance(Constructor.java:483)
at org.openqa.selenium.remote.http.W3CHttpResponseCodec.createException(W3CHttpResponseCodec.java:187)
at org.openqa.selenium.remote.http.W3CHttpResponseCodec.decode(W3CHttpResponseCodec.java:122)
at org.openqa.selenium.remote.http.W3CHttpResponseCodec.decode(W3CHttpResponseCodec.java:49)
at org.openqa.selenium.remote.HttpCommandExecutor.execute(HttpCommandExecutor.java:158)
at org.openqa.selenium.remote.service.DriverCommandExecutor.execute(DriverCommandExecutor.java:83)
at org.openqa.selenium.remote.RemoteWebDriver.execute(RemoteWebDriver.java:552)
at org.openqa.selenium.remote.RemoteWebDriver.findElement(RemoteWebDriver.java:323)
at org.openqa.selenium.remote.RemoteWebDriver.findElementByXPath(RemoteWebDriver.java:428)
at org.openqa.selenium.By$ByXPath.findElement(By.java:353)
at org.openqa.selenium.remote.RemoteWebDriver.findElement(RemoteWebDriver.java:315)
at org.openqa.selenium.support.pagefactory.DefaultElementLocator.findElement(DefaultElementLocator.java:69)
at org.openqa.selenium.support.pagefactory.internal.LocatingElementHandler.invoke(LocatingElementHandler.java:38)
at jdk.proxy2/jdk.proxy2.$Proxy28.toString(Unknown Source)
at java.base/java.lang.String.valueOf(String.java:4213)
at java.base/java.lang.StringBuilder.append(StringBuilder.java:173)
at org.openqa.selenium.support.ui.ExpectedConditions$10.toString(ExpectedConditions.java:305)
at java.base/java.lang.String.valueOf(String.java:4213)
at java.base/java.lang.StringBuilder.append(StringBuilder.java:173)
at org.openqa.selenium.support.ui.FluentWait.until(FluentWait.java:268)
at com.automation.pages.base.BasePage.waitForElementToBeVisible(BasePage.java:277)
at com.automation.pages.randomscenario.CalendarNewEvent.selectOptionFromEndTime(CalendarNewEvent.java:69)
at com.automation.tests.AutomationScript.blockingAnEventInCal(AutomationScript.java:1236)
at java.base/jdk.internal.reflect.DirectMethodHandleAccessor.invoke(DirectMethodHandleAccessor.java:104)
at java.base/java.lang.reflect.Method.invoke(Method.java:577)
at org.testng.internal.invokers.MethodInvocationHelper.invokeMethod(MethodInvocationHelper.java:139)
at org.testng.internal.invokers.TestInvoker.invokeMethod(TestInvoker.java:677)
at org.testng.internal.invokers.TestInvoker.invokeTestMethod(TestInvoker.java:221)
at org.testng.internal.invokers.MethodRunner.runInSequence(MethodRunner.java:50)
at org.testng.internal.invokers.TestInvoker$MethodInvocationAgent.invoke(TestInvoker.java:969)
at org.testng.internal.invokers.TestInvoker.invokeTestMethods(TestInvoker.java:194)
at org.testng.internal.invokers.TestMethodWorker.invokeTestMethods(TestMethodWorker.java:148)
at org.testng.internal.invokers.TestMethodWorker.run(TestMethodWorker.java:128)
at java.base/java.util.ArrayList.forEach(ArrayList.java:1511)
at org.testng.TestRunner.privateRun(TestRunner.java:829)
at org.testng.TestRunner.run(TestRunner.java:602)
at org.testng.SuiteRunner.runTest(SuiteRunner.java:437)
at org.testng.SuiteRunner.runSequentially(SuiteRunner.java:431)
at org.testng.SuiteRunner.privateRun(SuiteRunner.java:391)
at org.testng.SuiteRunner.run(SuiteRunner.java:330)
at org.testng.SuiteRunnerWorker.runSuite(SuiteRunnerWorker.java:52)
at org.testng.SuiteRunnerWorker.run(SuiteRunnerWorker.java:95)
at org.testng.TestNG.runSuitesSequentially(TestNG.java:1256)
at org.testng.TestNG.runSuitesLocally(TestNG.java:1176)
at org.testng.TestNG.runSuites(TestNG.java:1099)
at org.testng.TestNG.run(TestNG.java:1067)
at org.testng.remote.AbstractRemoteTestNG.run(AbstractRemoteTestNG.java:115)
at org.testng.remote.RemoteTestNG.initAndRun(RemoteTestNG.java:251)
at org.testng.remote.RemoteTestNG.main(RemoteTestNG.java:77)
]]>
    </failure>
  </testcase> <!-- blockingAnEventInCal -->
  <testcase classname="com.automation.tests.AutomationScript" name="testValidationOFTabCustomization" time="0.0">
    <ignored/>
  </testcase> <!-- testValidationOFTabCustomization -->
  <testcase classname="com.automation.tests.AutomationScript" name="login_to_Salesforce_Application" time="0.0">
    <ignored/>
  </testcase> <!-- login_to_Salesforce_Application -->
  <testcase classname="com.automation.tests.AutomationScript" name="testQuartelySummaryReport" time="0.0">
    <ignored/>
  </testcase> <!-- testQuartelySummaryReport -->
  <testcase classname="com.automation.tests.AutomationScript" name="LogoutOfTheProfile" time="0.0">
    <ignored/>
  </testcase> <!-- LogoutOfTheProfile -->
  <testcase classname="com.automation.tests.AutomationScript" name="displayListOfRecentlyCreated" time="0.0">
    <ignored/>
  </testcase> <!-- displayListOfRecentlyCreated -->
  <testcase classname="com.automation.tests.AutomationScript" name="leadsSelectView" time="0.0">
    <ignored/>
  </testcase> <!-- leadsSelectView -->
  <testcase classname="com.automation.tests.AutomationScript" name="testLeadTabLink" time="0.0">
    <ignored/>
  </testcase> <!-- testLeadTabLink -->
  <testcase classname="com.automation.tests.AutomationScript" name="testErrorMessageOnCreateNewView" time="0.0">
    <ignored/>
  </testcase> <!-- testErrorMessageOnCreateNewView -->
  <testcase classname="com.automation.tests.AutomationScript" name="getAllOperationOfAccountTabs" time="0.0">
    <ignored/>
  </testcase> <!-- getAllOperationOfAccountTabs -->
  <testcase classname="com.automation.tests.AutomationScript" name="configureOFMyTabs" time="0.0">
    <ignored/>
  </testcase> <!-- configureOFMyTabs -->
  <testcase classname="com.automation.tests.AutomationScript" name="Check_Remember_Me" time="0.0">
    <ignored/>
  </testcase> <!-- Check_Remember_Me -->
  <testcase classname="com.automation.tests.AutomationScript" name="testGoButton" time="0.0">
    <ignored/>
  </testcase> <!-- testGoButton -->
  <testcase classname="com.automation.tests.AutomationScript" name="createNewContact" time="0.0">
    <ignored/>
  </testcase> <!-- createNewContact -->
  <testcase classname="com.automation.tests.AutomationScript" name="EmailSetting" time="0.0">
    <ignored/>
  </testcase> <!-- EmailSetting -->
  <testcase classname="com.automation.tests.AutomationScript" name="UserMenuDropDisplay" time="0.0">
    <ignored/>
  </testcase> <!-- UserMenuDropDisplay -->
  <testcase classname="com.automation.tests.AutomationScript" name="listItemOfTodayLeads" time="0.0">
    <ignored/>
  </testcase> <!-- listItemOfTodayLeads -->
  <testcase classname="com.automation.tests.AutomationScript" name="forgot_Password_4A" time="0.0">
    <ignored/>
  </testcase> <!-- forgot_Password_4A -->
  <testcase classname="com.automation.tests.AutomationScript" name="Login_Error_Message" time="0.0">
    <ignored/>
  </testcase> <!-- Login_Error_Message -->
  <testcase classname="com.automation.tests.AutomationScript" name="checkNewButtononLeadHome" time="0.0">
    <ignored/>
  </testcase> <!-- checkNewButtononLeadHome -->
  <testcase classname="com.automation.tests.AutomationScript" name="CreateNewviewInTheContact" time="0.0">
    <ignored/>
  </testcase> <!-- CreateNewviewInTheContact -->
  <testcase classname="com.automation.tests.AutomationScript" name="getAllOperationOfMergeAccount" time="0.0">
    <ignored/>
  </testcase> <!-- getAllOperationOfMergeAccount -->
  <testcase classname="com.automation.tests.AutomationScript" name="createAccountReport" time="0.0">
    <ignored/>
  </testcase> <!-- createAccountReport -->
  <testcase classname="com.automation.tests.AutomationScript" name="CreateANewOpportunity" time="0.0">
    <ignored/>
  </testcase> <!-- CreateANewOpportunity -->
  <testcase classname="com.automation.tests.AutomationScript" name="blockingAnEventInCalendarWeeklyRecurrance" time="0.0">
    <ignored/>
  </testcase> <!-- blockingAnEventInCalendarWeeklyRecurrance -->
  <testcase classname="com.automation.tests.AutomationScript" name="selectMyProfileOption" time="0.0">
    <ignored/>
  </testcase> <!-- selectMyProfileOption -->
  <testcase classname="com.automation.tests.AutomationScript" name="isSaveAndNewButtonWorkingFine" time="0.0">
    <ignored/>
  </testcase> <!-- isSaveAndNewButtonWorkingFine -->
  <testcase classname="com.automation.tests.AutomationScript" name="testOpportunityPipelineReport" time="0.0">
    <ignored/>
  </testcase> <!-- testOpportunityPipelineReport -->
  <testcase classname="com.automation.tests.AutomationScript" name="createNewView" time="0.0">
    <ignored/>
  </testcase> <!-- createNewView -->
  <testcase classname="com.automation.tests.AutomationScript" name="selectDeveloperConsole" time="0.0">
    <ignored/>
  </testcase> <!-- selectDeveloperConsole -->
  <testcase classname="com.automation.tests.AutomationScript" name="displayListOfMyContact" time="0.0">
    <ignored/>
  </testcase> <!-- displayListOfMyContact -->
  <testcase classname="com.automation.tests.AutomationScript" name="testValidationOfFirstNameAndLastName" time="0.0">
    <ignored/>
  </testcase> <!-- testValidationOfFirstNameAndLastName -->
  <testcase classname="com.automation.tests.AutomationScript" name="getAllOperationOFMySetting" time="0.0">
    <ignored/>
  </testcase> <!-- getAllOperationOFMySetting -->
  <testcase classname="com.automation.tests.AutomationScript" name="testStuckOpportunitiesReport" time="0.0">
    <ignored/>
  </testcase> <!-- testStuckOpportunitiesReport -->
  <testcase classname="com.automation.tests.AutomationScript" name="editView" time="0.0">
    <ignored/>
  </testcase> <!-- editView -->
  <testcase classname="com.automation.tests.AutomationScript" name="viewAContactInContactPage" time="0.0">
    <ignored/>
  </testcase> <!-- viewAContactInContactPage -->
  <testcase classname="com.automation.tests.AutomationScript" name="testDropdownListOFViewOpportunities" time="0.0">
    <ignored/>
  </testcase> <!-- testDropdownListOFViewOpportunities -->
  <testcase classname="com.automation.tests.AutomationScript" name="testValidationOfLastName" time="0.0">
    <ignored/>
  </testcase> <!-- testValidationOfLastName -->
  <testcase classname="com.automation.tests.AutomationScript" name="isCancelButtonWorkingFineInCreateNewView" time="0.0">
    <ignored/>
  </testcase> <!-- isCancelButtonWorkingFineInCreateNewView -->
  <testcase classname="com.automation.tests.AutomationScript" name="forgot_Password_4B" time="0.0">
    <ignored/>
  </testcase> <!-- forgot_Password_4B -->
</testsuite> <!-- Default test -->
