<?xml version="1.0" encoding="UTF-8"?>
<!-- Generated by org.testng.reporters.JUnitXMLReporter -->
<testsuite ignored="0" hostname="LAPTOP-H2F0LVSP" failures="0" tests="2" name="LoginTest" time="0.353" errors="0" timestamp="2023-06-11T17:12:20 EDT">
  <testcase classname="com.automation.test.base.BaseTest" name="@BeforeMethod setUpBeforeTestMethod" time="-1.68651794017E9">
    <failure type="org.testng.TestNGException" message="
Parameter &amp;apos;browserName&amp;apos; is required by BeforeMethod on method setUpBeforeTestMethod but has not been marked @Optional or defined
in C:\Users\knand\Desktop\JavaBasicAdvanced\SalesforceAutomationFramework\testng.xml">
      <![CDATA[org.testng.TestNGException: 
Parameter 'browserName' is required by BeforeMethod on method setUpBeforeTestMethod but has not been marked @Optional or defined
in C:\Users\knand\Desktop\JavaBasicAdvanced\SalesforceAutomationFramework\testng.xml
at java.base/java.util.ArrayList.forEach(ArrayList.java:1511)
... Removed 28 stack frames]]>
    </failure>
  </testcase> <!-- @BeforeMethod setUpBeforeTestMethod -->
  <testcase classname="com.automation.test.base.BaseTest" name="@AfterMethod tearDownAfterTestMethod" time="0.0">
    <skipped/>
  </testcase> <!-- @AfterMethod tearDownAfterTestMethod -->
  <testcase classname="com.automation.test.base.BaseTest" name="@BeforeMethod setUpBeforeTestMethod" time="0.0">
    <skipped/>
  </testcase> <!-- @BeforeMethod setUpBeforeTestMethod -->
  <testcase classname="com.automation.test.base.BaseTest" name="@AfterMethod tearDownAfterTestMethod" time="0.0">
    <skipped/>
  </testcase> <!-- @AfterMethod tearDownAfterTestMethod -->
  <testcase classname="com.automation.tests.AutomationScript" name="Login_Error_Message" time="0.0">
    <skipped/>
  </testcase> <!-- Login_Error_Message -->
  <testcase classname="com.automation.tests.AutomationScript" name="login_to_Salesforce_Application" time="0.0">
    <skipped/>
  </testcase> <!-- login_to_Salesforce_Application -->
</testsuite> <!-- LoginTest -->
